[2018-06-29T10:00:00.010] [INFO] tasks - /10s 2018-06-29T10:00:00+08:00
[2018-06-29T10:00:00.014] [INFO] tasks - execute scan task 软件定制服务
[2018-06-29T10:01:24.241] [INFO] tasks - doTask start ...
[2018-06-29T10:01:24.340] [INFO] tasks - fetch tasks length 2
[2018-06-29T10:01:24.340] [INFO] tasks - polish { _id: '5b13ffb1fc6209178e600978',
  keyword: '软件定制服务',
  link: 'ioliz.com',
  runTime: '2018-06-29 10:02:22',
  state: 'origin' }
[2018-06-29T10:01:24.342] [INFO] tasks - polish { _id: '5b13ffb1fc6209178e600979',
  keyword: '软件定制 广告机',
  link: 'ioliz.com',
  runTime: '2018-06-29 10:03:05',
  state: 'origin' }
[2018-06-29T10:01:24.353] [INFO] tasks - connect
[2018-06-29T10:02:00.011] [INFO] tasks - /10s 2018-06-29T10:02:00+08:00
[2018-06-29T10:02:00.013] [INFO] tasks - execute scan task 软件定制服务
[2018-06-29T10:02:43.405] [INFO] tasks - doTask start ...
[2018-06-29T10:02:43.502] [INFO] tasks - fetch tasks length 2
[2018-06-29T10:02:43.503] [INFO] tasks - polish { _id: '5b13ffb1fc6209178e600978',
  keyword: '软件定制服务',
  link: 'ioliz.com',
  runTime: '2018-06-29 10:03:19',
  state: 'origin' }
[2018-06-29T10:02:43.506] [INFO] tasks - polish { _id: '5b13ffb1fc6209178e600979',
  keyword: '软件定制 广告机',
  link: 'ioliz.com',
  runTime: '2018-06-29 10:03:58',
  state: 'origin' }
[2018-06-29T10:02:43.514] [INFO] tasks - connect
[2018-06-29T10:03:00.008] [INFO] tasks - /10s 2018-06-29T10:03:00+08:00
[2018-06-29T10:03:00.010] [INFO] tasks - execute scan task 软件定制服务
[2018-06-29T10:05:58.734] [INFO] tasks - doTask start ...
[2018-06-29T10:05:58.844] [INFO] tasks - fetch tasks length 2
[2018-06-29T10:05:58.845] [INFO] tasks - polish { _id: '5b13ffb1fc6209178e600978',
  keyword: '软件定制服务',
  link: 'ioliz.com',
  runTime: '2018-06-29 10:06:28',
  state: 'origin' }
[2018-06-29T10:05:58.847] [INFO] tasks - polish { _id: '5b13ffb1fc6209178e600979',
  keyword: '软件定制 广告机',
  link: 'ioliz.com',
  runTime: '2018-06-29 10:07:01',
  state: 'origin' }
[2018-06-29T10:05:58.854] [INFO] tasks - connect
[2018-06-29T10:06:00.011] [INFO] tasks - /10s 2018-06-29T10:06:00+08:00
[2018-06-29T10:06:00.013] [INFO] tasks - execute scan task 软件定制服务
[2018-06-29T10:06:16.175] [INFO] tasks - doTask start ...
[2018-06-29T10:06:16.269] [INFO] tasks - fetch tasks length 2
[2018-06-29T10:06:16.270] [INFO] tasks - polish { _id: '5b13ffb1fc6209178e600978',
  keyword: '软件定制服务',
  link: 'ioliz.com',
  runTime: '2018-06-29 10:07:12',
  state: 'origin' }
[2018-06-29T10:06:16.272] [INFO] tasks - polish { _id: '5b13ffb1fc6209178e600979',
  keyword: '软件定制 广告机',
  link: 'ioliz.com',
  runTime: '2018-06-29 10:07:52',
  state: 'origin' }
[2018-06-29T10:06:16.280] [INFO] tasks - connect
[2018-06-29T10:07:00.011] [INFO] tasks - /10s 2018-06-29T10:07:00+08:00
[2018-06-29T10:07:00.013] [INFO] tasks - execute scan task 软件定制服务
